<?xml version="1.0" encoding="UTF-8"?>
<testsuite xmlns:xsi="http://www.w3.org/2001/XMLSchema-instance" xsi:noNamespaceSchemaLocation="https://maven.apache.org/surefire/maven-failsafe-plugin/xsd/failsafe-test-report.xsd" name="com.feiyongjing.living_bill.BillIntegrationTest" time="0.481" tests="2" errors="0" skipped="0" failures="0">
  <properties>
[...]
</properties>
  <testcase name="getMonthBillTest" classname="com.feiyongjing.living_bill.BillIntegrationTest" time="0"/>
  <testcase name="createBillTest" classname="com.feiyongjing.living_bill.BillIntegrationTest" time="0.081"/>
</testsuite>